Determining if the pthread_create exist failed with the following output:
Change Dir: /home/pranit/catkin_ws/build/catkin_tools_prebuild/CMakeFiles/CMakeTmp

Run Build Command:"/usr/bin/make" "cmTC_3cca1/fast"
/usr/bin/make -f CMakeFiles/cmTC_3cca1.dir/build.make CMakeFiles/cmTC_3cca1.dir/build
make[1]: Entering directory '/home/pranit/catkin_ws/build/catkin_tools_prebuild/CMakeFiles/CMakeTmp'
Building C object CMakeFiles/cmTC_3cca1.dir/CheckSymbolExists.c.o
/usr/lib/ccache/cc    -o CMakeFiles/cmTC_3cca1.dir/CheckSymbolExists.c.o   -c /home/pranit/catkin_ws/build/catkin_tools_prebuild/CMakeFiles/CMakeTmp/CheckSymbolExists.c
Linking C executable cmTC_3cca1
/usr/bin/cmake -E cmake_link_script CMakeFiles/cmTC_3cca1.dir/link.txt --verbose=1
/usr/lib/ccache/cc      -rdynamic CMakeFiles/cmTC_3cca1.dir/CheckSymbolExists.c.o  -o cmTC_3cca1 
CMakeFiles/cmTC_3cca1.dir/CheckSymbolExists.c.o: In function `main':
CheckSymbolExists.c:(.text+0x1b): undefined reference to `pthread_create'
collect2: error: ld returned 1 exit status
CMakeFiles/cmTC_3cca1.dir/build.make:97: recipe for target 'cmTC_3cca1' failed
make[1]: *** [cmTC_3cca1] Error 1
make[1]: Leaving directory '/home/pranit/catkin_ws/build/catkin_tools_prebuild/CMakeFiles/CMakeTmp'
Makefile:126: recipe for target 'cmTC_3cca1/fast' failed
make: *** [cmTC_3cca1/fast] Error 2

File /home/pranit/catkin_ws/build/catkin_tools_prebuild/CMakeFiles/CMakeTmp/CheckSymbolExists.c:
/* */
#include <pthread.h>

int main(int argc, char** argv)
{
  (void)argv;
#ifndef pthread_create
  return ((int*)(&pthread_create))[argc];
#else
  (void)argc;
  return 0;
#endif
}

Determining if the function pthread_create exists in the pthreads failed with the following output:
Change Dir: /home/pranit/catkin_ws/build/catkin_tools_prebuild/CMakeFiles/CMakeTmp

Run Build Command:"/usr/bin/make" "cmTC_fad2d/fast"
/usr/bin/make -f CMakeFiles/cmTC_fad2d.dir/build.make CMakeFiles/cmTC_fad2d.dir/build
make[1]: Entering directory '/home/pranit/catkin_ws/build/catkin_tools_prebuild/CMakeFiles/CMakeTmp'
Building C object CMakeFiles/cmTC_fad2d.dir/CheckFunctionExists.c.o
/usr/lib/ccache/cc   -DCHECK_FUNCTION_EXISTS=pthread_create   -o CMakeFiles/cmTC_fad2d.dir/CheckFunctionExists.c.o   -c /usr/share/cmake-3.10/Modules/CheckFunctionExists.c
Linking C executable cmTC_fad2d
/usr/bin/cmake -E cmake_link_script CMakeFiles/cmTC_fad2d.dir/link.txt --verbose=1
/usr/lib/ccache/cc  -DCHECK_FUNCTION_EXISTS=pthread_create    -rdynamic CMakeFiles/cmTC_fad2d.dir/CheckFunctionExists.c.o  -o cmTC_fad2d -lpthreads 
/usr/bin/ld: cannot find -lpthreads
collect2: error: ld returned 1 exit status
CMakeFiles/cmTC_fad2d.dir/build.make:97: recipe for target 'cmTC_fad2d' failed
make[1]: *** [cmTC_fad2d] Error 1
make[1]: Leaving directory '/home/pranit/catkin_ws/build/catkin_tools_prebuild/CMakeFiles/CMakeTmp'
Makefile:126: recipe for target 'cmTC_fad2d/fast' failed
make: *** [cmTC_fad2d/fast] Error 2


