Determining if the pthread_create exist failed with the following output:
Change Dir: /home/pranit/catkin_ws/build/navigation/CMakeFiles/CMakeTmp

Run Build Command:"/usr/bin/make" "cmTC_207eb/fast"
/usr/bin/make -f CMakeFiles/cmTC_207eb.dir/build.make CMakeFiles/cmTC_207eb.dir/build
make[1]: Entering directory '/home/pranit/catkin_ws/build/navigation/CMakeFiles/CMakeTmp'
Building C object CMakeFiles/cmTC_207eb.dir/CheckSymbolExists.c.o
/usr/bin/gcc-6    -o CMakeFiles/cmTC_207eb.dir/CheckSymbolExists.c.o   -c /home/pranit/catkin_ws/build/navigation/CMakeFiles/CMakeTmp/CheckSymbolExists.c
Linking C executable cmTC_207eb
/usr/bin/cmake -E cmake_link_script CMakeFiles/cmTC_207eb.dir/link.txt --verbose=1
/usr/bin/gcc-6      -rdynamic CMakeFiles/cmTC_207eb.dir/CheckSymbolExists.c.o  -o cmTC_207eb 
CMakeFiles/cmTC_207eb.dir/CheckSymbolExists.c.o: In function `main':
CheckSymbolExists.c:(.text+0x1b): undefined reference to `pthread_create'
collect2: error: ld returned 1 exit status
CMakeFiles/cmTC_207eb.dir/build.make:97: recipe for target 'cmTC_207eb' failed
make[1]: *** [cmTC_207eb] Error 1
make[1]: Leaving directory '/home/pranit/catkin_ws/build/navigation/CMakeFiles/CMakeTmp'
Makefile:126: recipe for target 'cmTC_207eb/fast' failed
make: *** [cmTC_207eb/fast] Error 2

File /home/pranit/catkin_ws/build/navigation/CMakeFiles/CMakeTmp/CheckSymbolExists.c:
/* */
#include <pthread.h>

int main(int argc, char** argv)
{
  (void)argv;
#ifndef pthread_create
  return ((int*)(&pthread_create))[argc];
#else
  (void)argc;
  return 0;
#endif
}

Determining if the function pthread_create exists in the pthreads failed with the following output:
Change Dir: /home/pranit/catkin_ws/build/navigation/CMakeFiles/CMakeTmp

Run Build Command:"/usr/bin/make" "cmTC_7580c/fast"
/usr/bin/make -f CMakeFiles/cmTC_7580c.dir/build.make CMakeFiles/cmTC_7580c.dir/build
make[1]: Entering directory '/home/pranit/catkin_ws/build/navigation/CMakeFiles/CMakeTmp'
Building C object CMakeFiles/cmTC_7580c.dir/CheckFunctionExists.c.o
/usr/bin/gcc-6   -DCHECK_FUNCTION_EXISTS=pthread_create   -o CMakeFiles/cmTC_7580c.dir/CheckFunctionExists.c.o   -c /usr/share/cmake-3.10/Modules/CheckFunctionExists.c
Linking C executable cmTC_7580c
/usr/bin/cmake -E cmake_link_script CMakeFiles/cmTC_7580c.dir/link.txt --verbose=1
/usr/bin/gcc-6  -DCHECK_FUNCTION_EXISTS=pthread_create    -rdynamic CMakeFiles/cmTC_7580c.dir/CheckFunctionExists.c.o  -o cmTC_7580c -lpthreads 
/usr/bin/x86_64-linux-gnu-ld: cannot find -lpthreads
collect2: error: ld returned 1 exit status
CMakeFiles/cmTC_7580c.dir/build.make:97: recipe for target 'cmTC_7580c' failed
make[1]: *** [cmTC_7580c] Error 1
make[1]: Leaving directory '/home/pranit/catkin_ws/build/navigation/CMakeFiles/CMakeTmp'
Makefile:126: recipe for target 'cmTC_7580c/fast' failed
make: *** [cmTC_7580c/fast] Error 2


