[33m[1mCMake Warning[0m at /home/pranit/catkin_ws/build/navigation/cmake/navigation-genmsg.cmake:3 (message):
  Invoking generate_messages() without having added any message or service
  file before.

  You should either add add_message_files() and/or add_service_files() calls
  or remove the invocation of generate_messages().
[36mCall Stack (most recent call first):[0m
  /opt/ros/melodic/share/genmsg/cmake/genmsg-extras.cmake:307 (include)
  CMakeLists.txt:75 (generate_messages)


You have changed variables that require your cache to be deleted.
Configure will be re-run and you may have to reset some variables.
The following variables have changed:
CMAKE_C_COMPILER= /usr/bin/gcc-6
CMAKE_C_COMPILER= /usr/bin/gcc-6
CMAKE_C_COMPILER= /usr/bin/gcc-6
CMAKE_C_COMPILER= /usr/bin/gcc-6

[33m[1mCMake Warning[0m at /home/pranit/catkin_ws/build/navigation/cmake/navigation-genmsg.cmake:3 (message):
  Invoking generate_messages() without having added any message or service
  file before.

  You should either add add_message_files() and/or add_service_files() calls
  or remove the invocation of generate_messages().
[36mCall Stack (most recent call first):[0m
  /opt/ros/melodic/share/genmsg/cmake/genmsg-extras.cmake:307 (include)
  CMakeLists.txt:75 (generate_messages)


