Determining if the pthread_create exist failed with the following output:
Change Dir: /home/pranit/catkin_ws/build/darknet_ros/CMakeFiles/CMakeTmp

Run Build Command:"/usr/bin/make" "cmTC_dc381/fast"
/usr/bin/make -f CMakeFiles/cmTC_dc381.dir/build.make CMakeFiles/cmTC_dc381.dir/build
make[1]: Entering directory '/home/pranit/catkin_ws/build/darknet_ros/CMakeFiles/CMakeTmp'
Building C object CMakeFiles/cmTC_dc381.dir/CheckSymbolExists.c.o
/usr/bin/gcc-6   -fPIC    -o CMakeFiles/cmTC_dc381.dir/CheckSymbolExists.c.o   -c /home/pranit/catkin_ws/build/darknet_ros/CMakeFiles/CMakeTmp/CheckSymbolExists.c
Linking C executable cmTC_dc381
/usr/bin/cmake -E cmake_link_script CMakeFiles/cmTC_dc381.dir/link.txt --verbose=1
/usr/bin/gcc-6 -fPIC     CMakeFiles/cmTC_dc381.dir/CheckSymbolExists.c.o  -o cmTC_dc381 
CMakeFiles/cmTC_dc381.dir/CheckSymbolExists.c.o: In function `main':
CheckSymbolExists.c:(.text+0x1b): undefined reference to `pthread_create'
collect2: error: ld returned 1 exit status
CMakeFiles/cmTC_dc381.dir/build.make:97: recipe for target 'cmTC_dc381' failed
make[1]: *** [cmTC_dc381] Error 1
make[1]: Leaving directory '/home/pranit/catkin_ws/build/darknet_ros/CMakeFiles/CMakeTmp'
Makefile:126: recipe for target 'cmTC_dc381/fast' failed
make: *** [cmTC_dc381/fast] Error 2

File /home/pranit/catkin_ws/build/darknet_ros/CMakeFiles/CMakeTmp/CheckSymbolExists.c:
/* */
#include <pthread.h>

int main(int argc, char** argv)
{
  (void)argv;
#ifndef pthread_create
  return ((int*)(&pthread_create))[argc];
#else
  (void)argc;
  return 0;
#endif
}

Determining if the function pthread_create exists in the pthreads failed with the following output:
Change Dir: /home/pranit/catkin_ws/build/darknet_ros/CMakeFiles/CMakeTmp

Run Build Command:"/usr/bin/make" "cmTC_9ea64/fast"
/usr/bin/make -f CMakeFiles/cmTC_9ea64.dir/build.make CMakeFiles/cmTC_9ea64.dir/build
make[1]: Entering directory '/home/pranit/catkin_ws/build/darknet_ros/CMakeFiles/CMakeTmp'
Building C object CMakeFiles/cmTC_9ea64.dir/CheckFunctionExists.c.o
/usr/bin/gcc-6   -fPIC -DCHECK_FUNCTION_EXISTS=pthread_create   -o CMakeFiles/cmTC_9ea64.dir/CheckFunctionExists.c.o   -c /usr/share/cmake-3.10/Modules/CheckFunctionExists.c
Linking C executable cmTC_9ea64
/usr/bin/cmake -E cmake_link_script CMakeFiles/cmTC_9ea64.dir/link.txt --verbose=1
/usr/bin/gcc-6 -fPIC -DCHECK_FUNCTION_EXISTS=pthread_create    CMakeFiles/cmTC_9ea64.dir/CheckFunctionExists.c.o  -o cmTC_9ea64 -lpthreads 
/usr/bin/x86_64-linux-gnu-ld: cannot find -lpthreads
collect2: error: ld returned 1 exit status
CMakeFiles/cmTC_9ea64.dir/build.make:97: recipe for target 'cmTC_9ea64' failed
make[1]: *** [cmTC_9ea64] Error 1
make[1]: Leaving directory '/home/pranit/catkin_ws/build/darknet_ros/CMakeFiles/CMakeTmp'
Makefile:126: recipe for target 'cmTC_9ea64/fast' failed
make: *** [cmTC_9ea64/fast] Error 2


