Determining if the pthread_create exist failed with the following output:
Change Dir: /home/pranit/catkin_ws/src/navigation/build/CMakeFiles/CMakeTmp

Run Build Command:"/usr/bin/make" "cmTC_1532f/fast"
/usr/bin/make -f CMakeFiles/cmTC_1532f.dir/build.make CMakeFiles/cmTC_1532f.dir/build
make[1]: Entering directory '/home/pranit/catkin_ws/src/navigation/build/CMakeFiles/CMakeTmp'
Building C object CMakeFiles/cmTC_1532f.dir/CheckSymbolExists.c.o
/usr/lib/ccache/gcc-6    -o CMakeFiles/cmTC_1532f.dir/CheckSymbolExists.c.o   -c /home/pranit/catkin_ws/src/navigation/build/CMakeFiles/CMakeTmp/CheckSymbolExists.c
Linking C executable cmTC_1532f
/usr/bin/cmake -E cmake_link_script CMakeFiles/cmTC_1532f.dir/link.txt --verbose=1
/usr/lib/ccache/gcc-6      -rdynamic CMakeFiles/cmTC_1532f.dir/CheckSymbolExists.c.o  -o cmTC_1532f 
CMakeFiles/cmTC_1532f.dir/CheckSymbolExists.c.o: In function `main':
CheckSymbolExists.c:(.text+0x1b): undefined reference to `pthread_create'
collect2: error: ld returned 1 exit status
CMakeFiles/cmTC_1532f.dir/build.make:97: recipe for target 'cmTC_1532f' failed
make[1]: *** [cmTC_1532f] Error 1
make[1]: Leaving directory '/home/pranit/catkin_ws/src/navigation/build/CMakeFiles/CMakeTmp'
Makefile:126: recipe for target 'cmTC_1532f/fast' failed
make: *** [cmTC_1532f/fast] Error 2

File /home/pranit/catkin_ws/src/navigation/build/CMakeFiles/CMakeTmp/CheckSymbolExists.c:
/* */
#include <pthread.h>

int main(int argc, char** argv)
{
  (void)argv;
#ifndef pthread_create
  return ((int*)(&pthread_create))[argc];
#else
  (void)argc;
  return 0;
#endif
}

Determining if the function pthread_create exists in the pthreads failed with the following output:
Change Dir: /home/pranit/catkin_ws/src/navigation/build/CMakeFiles/CMakeTmp

Run Build Command:"/usr/bin/make" "cmTC_76587/fast"
/usr/bin/make -f CMakeFiles/cmTC_76587.dir/build.make CMakeFiles/cmTC_76587.dir/build
make[1]: Entering directory '/home/pranit/catkin_ws/src/navigation/build/CMakeFiles/CMakeTmp'
Building C object CMakeFiles/cmTC_76587.dir/CheckFunctionExists.c.o
/usr/lib/ccache/gcc-6   -DCHECK_FUNCTION_EXISTS=pthread_create   -o CMakeFiles/cmTC_76587.dir/CheckFunctionExists.c.o   -c /usr/share/cmake-3.10/Modules/CheckFunctionExists.c
Linking C executable cmTC_76587
/usr/bin/cmake -E cmake_link_script CMakeFiles/cmTC_76587.dir/link.txt --verbose=1
/usr/lib/ccache/gcc-6  -DCHECK_FUNCTION_EXISTS=pthread_create    -rdynamic CMakeFiles/cmTC_76587.dir/CheckFunctionExists.c.o  -o cmTC_76587 -lpthreads 
/usr/bin/x86_64-linux-gnu-ld: cannot find -lpthreads
collect2: error: ld returned 1 exit status
CMakeFiles/cmTC_76587.dir/build.make:97: recipe for target 'cmTC_76587' failed
make[1]: *** [cmTC_76587] Error 1
make[1]: Leaving directory '/home/pranit/catkin_ws/src/navigation/build/CMakeFiles/CMakeTmp'
Makefile:126: recipe for target 'cmTC_76587/fast' failed
make: *** [cmTC_76587/fast] Error 2


